<?xml version="1.0" encoding="UTF-8"?>
<!-- Generated by org.testng.reporters.JUnitXMLReporter -->
<testsuite ignored="0" hostname="WINDOWS-4TSP307" failures="0" tests="4" name="PetStoreTest" time="11.422" errors="0" timestamp="2024-01-22T11:08:28 IST">
  <testcase classname="api.test.UserTests" name="testPostUser" time="4.344"/>
  <testcase classname="api.test.UserTests" name="testGetUserbyName" time="1.365"/>
  <testcase classname="api.test.UserTests" name="testUpdateUserbyName" time="2.562"/>
  <testcase classname="api.test.UserTests" name="testDeleteUserbyName" time="1.272"/>
</testsuite> <!-- PetStoreTest -->
