<?xml version="1.0" encoding="UTF-8"?>
<!-- Generated by org.testng.reporters.JUnitXMLReporter -->
<testsuite ignored="0" hostname="WINDOWS-4TSP307" failures="0" tests="6" name="Default test" time="28.167" errors="0" timestamp="2024-01-19T11:55:00 IST">
  <testcase classname="api.test.DDTests" name="testPostUser" time="11.774"/>
  <testcase classname="api.test.DDTests" name="testPostUser" time="1.424"/>
  <testcase classname="api.test.DDTests" name="testPostUser" time="1.358"/>
  <testcase classname="api.test.DDTests" name="testDeleteUSerByName" time="1.342"/>
  <testcase classname="api.test.DDTests" name="testDeleteUSerByName" time="1.271"/>
  <testcase classname="api.test.DDTests" name="testDeleteUSerByName" time="1.267"/>
</testsuite> <!-- Default test -->
