<?xml version="1.0" encoding="UTF-8"?>
<testng-results ignored="0" total="4" passed="4" failed="0" skipped="0">
  <reporter-output>
  </reporter-output>
  <suite started-at="2024-01-22T11:08:16 IST" name="PetStoreSuite" finished-at="2024-01-22T11:08:28 IST" duration-ms="11422">
    <groups>
    </groups>
    <test started-at="2024-01-22T11:08:16 IST" name="PetStoreTest" finished-at="2024-01-22T11:08:28 IST" duration-ms="11422">
      <class name="api.test.UserTests">
        <test-method is-config="true" signature="setUp()[pri:0, instance:api.test.UserTests@368247b9]" started-at="2024-01-22T11:08:17 IST" name="setUp" finished-at="2024-01-22T11:08:18 IST" duration-ms="1325" status="PASS">
          <reporter-output>
          </reporter-output>
        </test-method> <!-- setUp -->
        <test-method signature="testPostUser()[pri:1, instance:api.test.UserTests@368247b9]" started-at="2024-01-22T11:08:18 IST" name="testPostUser" finished-at="2024-01-22T11:08:23 IST" duration-ms="4344" status="PASS">
          <reporter-output>
          </reporter-output>
        </test-method> <!-- testPostUser -->
        <test-method signature="testGetUserbyName()[pri:2, instance:api.test.UserTests@368247b9]" started-at="2024-01-22T11:08:23 IST" name="testGetUserbyName" finished-at="2024-01-22T11:08:24 IST" duration-ms="1365" status="PASS">
          <reporter-output>
          </reporter-output>
        </test-method> <!-- testGetUserbyName -->
        <test-method signature="testUpdateUserbyName()[pri:3, instance:api.test.UserTests@368247b9]" started-at="2024-01-22T11:08:24 IST" name="testUpdateUserbyName" finished-at="2024-01-22T11:08:27 IST" duration-ms="2562" status="PASS">
          <reporter-output>
          </reporter-output>
        </test-method> <!-- testUpdateUserbyName -->
        <test-method signature="testDeleteUserbyName()[pri:4, instance:api.test.UserTests@368247b9]" started-at="2024-01-22T11:08:27 IST" name="testDeleteUserbyName" finished-at="2024-01-22T11:08:28 IST" duration-ms="1272" status="PASS">
          <reporter-output>
          </reporter-output>
        </test-method> <!-- testDeleteUserbyName -->
      </class> <!-- api.test.UserTests -->
    </test> <!-- PetStoreTest -->
  </suite> <!-- PetStoreSuite -->
</testng-results>
