<?xml version="1.0" encoding="UTF-8"?>
<testng-results ignored="0" total="4" passed="4" failed="0" skipped="0">
  <reporter-output>
  </reporter-output>
  <suite started-at="2024-01-21T18:07:32 IST" name="PetStoreSuite" finished-at="2024-01-21T18:07:51 IST" duration-ms="18978">
    <groups>
    </groups>
    <test started-at="2024-01-21T18:07:32 IST" name="PetStoreTest" finished-at="2024-01-21T18:07:51 IST" duration-ms="18978">
      <class name="api.test.UserTests">
        <test-method is-config="true" signature="setUp()[pri:0, instance:api.test.UserTests@2dc54ad4]" started-at="2024-01-21T18:07:34 IST" name="setUp" finished-at="2024-01-21T18:07:38 IST" duration-ms="4189" status="PASS">
          <reporter-output>
          </reporter-output>
        </test-method> <!-- setUp -->
        <test-method signature="testPostUser()[pri:1, instance:api.test.UserTests@2dc54ad4]" started-at="2024-01-21T18:07:38 IST" name="testPostUser" finished-at="2024-01-21T18:07:46 IST" duration-ms="8167" status="PASS">
          <reporter-output>
          </reporter-output>
        </test-method> <!-- testPostUser -->
        <test-method signature="testGetUserbyName()[pri:2, instance:api.test.UserTests@2dc54ad4]" started-at="2024-01-21T18:07:46 IST" name="testGetUserbyName" finished-at="2024-01-21T18:07:48 IST" duration-ms="1289" status="PASS">
          <reporter-output>
          </reporter-output>
        </test-method> <!-- testGetUserbyName -->
        <test-method signature="testUpdateUserbyName()[pri:3, instance:api.test.UserTests@2dc54ad4]" started-at="2024-01-21T18:07:48 IST" name="testUpdateUserbyName" finished-at="2024-01-21T18:07:50 IST" duration-ms="2391" status="PASS">
          <reporter-output>
          </reporter-output>
        </test-method> <!-- testUpdateUserbyName -->
        <test-method signature="testDeleteUserbyName()[pri:4, instance:api.test.UserTests@2dc54ad4]" started-at="2024-01-21T18:07:50 IST" name="testDeleteUserbyName" finished-at="2024-01-21T18:07:51 IST" duration-ms="1167" status="PASS">
          <reporter-output>
          </reporter-output>
        </test-method> <!-- testDeleteUserbyName -->
      </class> <!-- api.test.UserTests -->
    </test> <!-- PetStoreTest -->
  </suite> <!-- PetStoreSuite -->
</testng-results>
