<?xml version="1.0" encoding="UTF-8"?>
<!-- Generated by org.testng.reporters.JUnitXMLReporter -->
<testsuite ignored="0" hostname="WINDOWS-4TSP307" failures="0" tests="4" name="PetStoreTest" time="18.978" errors="0" timestamp="2024-01-21T18:07:52 IST">
  <testcase classname="api.test.UserTests" name="testPostUser" time="8.167"/>
  <testcase classname="api.test.UserTests" name="testGetUserbyName" time="1.289"/>
  <testcase classname="api.test.UserTests" name="testUpdateUserbyName" time="2.391"/>
  <testcase classname="api.test.UserTests" name="testDeleteUserbyName" time="1.167"/>
</testsuite> <!-- PetStoreTest -->
